{"/Users/jamesmanuel/Sites/react-list/src/App.tsx": {"path":"/Users/jamesmanuel/Sites/react-list/src/App.tsx","all":false,"statementMap":{"0":{"start":{"line":1,"column":0},"end":{"line":1,"column":73}},"1":{"start":{"line":2,"column":0},"end":{"line":2,"column":19}},"2":{"start":{"line":3,"column":0},"end":{"line":3,"column":75}},"4":{"start":{"line":5,"column":0},"end":{"line":5,"column":38}},"6":{"start":{"line":7,"column":0},"end":{"line":7,"column":31}},"7":{"start":{"line":8,"column":0},"end":{"line":8,"column":10}},"8":{"start":{"line":9,"column":0},"end":{"line":9,"column":46}},"9":{"start":{"line":10,"column":0},"end":{"line":10,"column":23}},"10":{"start":{"line":11,"column":0},"end":{"line":11,"column":26}},"12":{"start":{"line":13,"column":0},"end":{"line":13,"column":1}}},"s":{"0":1,"1":1,"2":1,"4":1,"6":2,"7":2,"8":2,"9":2,"10":2,"12":2},"branchMap":{"0":{"type":"branch","line":7,"loc":{"start":{"line":7,"column":0},"end":{"line":13,"column":1}},"locations":[{"start":{"line":7,"column":0},"end":{"line":13,"column":1}}]}},"b":{"0":[2]},"fnMap":{"0":{"name":"App","decl":{"start":{"line":7,"column":0},"end":{"line":13,"column":1}},"loc":{"start":{"line":7,"column":0},"end":{"line":13,"column":1}},"line":7}},"f":{"0":2}}
,"/Users/jamesmanuel/Sites/react-list/src/main.tsx": {"path":"/Users/jamesmanuel/Sites/react-list/src/main.tsx","all":false,"statementMap":{"0":{"start":{"line":1,"column":0},"end":{"line":1,"column":34}},"1":{"start":{"line":2,"column":0},"end":{"line":2,"column":45}},"2":{"start":{"line":3,"column":0},"end":{"line":3,"column":20}},"3":{"start":{"line":4,"column":0},"end":{"line":4,"column":27}},"5":{"start":{"line":6,"column":0},"end":{"line":6,"column":52}},"6":{"start":{"line":7,"column":0},"end":{"line":7,"column":14}},"7":{"start":{"line":8,"column":0},"end":{"line":8,"column":11}},"8":{"start":{"line":9,"column":0},"end":{"line":9,"column":16}},"9":{"start":{"line":10,"column":0},"end":{"line":10,"column":1}}},"s":{"0":1,"1":1,"2":1,"3":1,"5":1,"6":1,"7":1,"8":1,"9":1},"branchMap":{},"b":{},"fnMap":{},"f":{}}
,"/Users/jamesmanuel/Sites/react-list/src/common/hooks/useLocalStorage.ts": {"path":"/Users/jamesmanuel/Sites/react-list/src/common/hooks/useLocalStorage.ts","all":false,"statementMap":{"0":{"start":{"line":1,"column":0},"end":{"line":1,"column":33}},"2":{"start":{"line":3,"column":0},"end":{"line":3,"column":66}},"3":{"start":{"line":4,"column":0},"end":{"line":4,"column":59}},"4":{"start":{"line":5,"column":0},"end":{"line":5,"column":9}},"5":{"start":{"line":6,"column":0},"end":{"line":6,"column":52}},"6":{"start":{"line":7,"column":0},"end":{"line":7,"column":59}},"7":{"start":{"line":8,"column":0},"end":{"line":8,"column":13}},"8":{"start":{"line":9,"column":0},"end":{"line":9,"column":63}},"9":{"start":{"line":10,"column":0},"end":{"line":10,"column":26}},"10":{"start":{"line":11,"column":0},"end":{"line":11,"column":5}},"11":{"start":{"line":12,"column":0},"end":{"line":12,"column":5}},"13":{"start":{"line":14,"column":0},"end":{"line":14,"column":52}},"14":{"start":{"line":15,"column":0},"end":{"line":15,"column":9}},"15":{"start":{"line":16,"column":0},"end":{"line":16,"column":26}},"16":{"start":{"line":17,"column":0},"end":{"line":17,"column":63}},"17":{"start":{"line":18,"column":0},"end":{"line":18,"column":35}},"18":{"start":{"line":19,"column":0},"end":{"line":19,"column":69}},"19":{"start":{"line":20,"column":0},"end":{"line":20,"column":13}},"20":{"start":{"line":21,"column":0},"end":{"line":21,"column":63}},"21":{"start":{"line":22,"column":0},"end":{"line":22,"column":5}},"22":{"start":{"line":23,"column":0},"end":{"line":23,"column":4}},"24":{"start":{"line":25,"column":0},"end":{"line":25,"column":42}},"25":{"start":{"line":26,"column":0},"end":{"line":26,"column":1}}},"s":{"0":1,"2":1,"3":10,"4":7,"5":7,"6":7,"7":7,"8":1,"9":1,"10":1,"11":10,"13":10,"14":3,"15":3,"16":3,"17":3,"18":3,"19":3,"20":1,"21":1,"22":3,"24":10,"25":10},"branchMap":{"0":{"type":"branch","line":3,"loc":{"start":{"line":3,"column":7},"end":{"line":26,"column":1}},"locations":[{"start":{"line":3,"column":7},"end":{"line":26,"column":1}}]},"1":{"type":"branch","line":4,"loc":{"start":{"line":4,"column":52},"end":{"line":12,"column":3}},"locations":[{"start":{"line":4,"column":52},"end":{"line":12,"column":3}}]},"2":{"type":"branch","line":7,"loc":{"start":{"line":7,"column":13},"end":{"line":7,"column":46}},"locations":[{"start":{"line":7,"column":13},"end":{"line":7,"column":46}}]},"3":{"type":"branch","line":7,"loc":{"start":{"line":7,"column":36},"end":{"line":7,"column":59}},"locations":[{"start":{"line":7,"column":36},"end":{"line":7,"column":59}}]},"4":{"type":"branch","line":8,"loc":{"start":{"line":8,"column":4},"end":{"line":11,"column":5}},"locations":[{"start":{"line":8,"column":4},"end":{"line":11,"column":5}}]},"5":{"type":"branch","line":14,"loc":{"start":{"line":14,"column":19},"end":{"line":23,"column":4}},"locations":[{"start":{"line":14,"column":19},"end":{"line":23,"column":4}}]},"6":{"type":"branch","line":17,"loc":{"start":{"line":17,"column":25},"end":{"line":17,"column":57}},"locations":[{"start":{"line":17,"column":25},"end":{"line":17,"column":57}}]},"7":{"type":"branch","line":17,"loc":{"start":{"line":17,"column":53},"end":{"line":17,"column":63}},"locations":[{"start":{"line":17,"column":53},"end":{"line":17,"column":63}}]},"8":{"type":"branch","line":20,"loc":{"start":{"line":20,"column":4},"end":{"line":22,"column":5}},"locations":[{"start":{"line":20,"column":4},"end":{"line":22,"column":5}}]}},"b":{"0":[10],"1":[7],"2":[2],"3":[5],"4":[1],"5":[3],"6":[1],"7":[2],"8":[1]},"fnMap":{"0":{"name":"useLocalStorage","decl":{"start":{"line":3,"column":7},"end":{"line":26,"column":1}},"loc":{"start":{"line":3,"column":7},"end":{"line":26,"column":1}},"line":3},"1":{"name":"setValue","decl":{"start":{"line":14,"column":19},"end":{"line":23,"column":4}},"loc":{"start":{"line":14,"column":19},"end":{"line":23,"column":4}},"line":14}},"f":{"0":10,"1":3}}
,"/Users/jamesmanuel/Sites/react-list/src/feature/popularRepos/api/fetchPopularRepos.ts": {"path":"/Users/jamesmanuel/Sites/react-list/src/feature/popularRepos/api/fetchPopularRepos.ts","all":false,"statementMap":{"18":{"start":{"line":19,"column":0},"end":{"line":19,"column":104}},"20":{"start":{"line":21,"column":0},"end":{"line":21,"column":65}},"21":{"start":{"line":22,"column":0},"end":{"line":22,"column":31}},"22":{"start":{"line":23,"column":0},"end":{"line":23,"column":33}},"23":{"start":{"line":24,"column":0},"end":{"line":24,"column":34}},"24":{"start":{"line":25,"column":0},"end":{"line":25,"column":32}},"25":{"start":{"line":26,"column":0},"end":{"line":26,"column":5}},"26":{"start":{"line":27,"column":0},"end":{"line":27,"column":5}},"27":{"start":{"line":28,"column":0},"end":{"line":28,"column":26}},"28":{"start":{"line":29,"column":0},"end":{"line":29,"column":1}},"30":{"start":{"line":31,"column":0},"end":{"line":31,"column":74}},"31":{"start":{"line":32,"column":0},"end":{"line":32,"column":30}},"32":{"start":{"line":33,"column":0},"end":{"line":33,"column":43}},"33":{"start":{"line":34,"column":0},"end":{"line":34,"column":55}},"35":{"start":{"line":36,"column":0},"end":{"line":36,"column":26}},"36":{"start":{"line":37,"column":0},"end":{"line":37,"column":92}},"37":{"start":{"line":38,"column":0},"end":{"line":38,"column":4}},"38":{"start":{"line":39,"column":0},"end":{"line":39,"column":16}},"39":{"start":{"line":40,"column":0},"end":{"line":40,"column":60}},"40":{"start":{"line":41,"column":0},"end":{"line":41,"column":3}},"41":{"start":{"line":42,"column":0},"end":{"line":42,"column":31}},"44":{"start":{"line":45,"column":0},"end":{"line":45,"column":46}},"45":{"start":{"line":46,"column":0},"end":{"line":46,"column":27}},"46":{"start":{"line":47,"column":0},"end":{"line":47,"column":41}},"48":{"start":{"line":49,"column":0},"end":{"line":49,"column":90}},"49":{"start":{"line":50,"column":0},"end":{"line":50,"column":50}},"50":{"start":{"line":51,"column":0},"end":{"line":51,"column":5}},"51":{"start":{"line":52,"column":0},"end":{"line":52,"column":55}},"52":{"start":{"line":53,"column":0},"end":{"line":53,"column":10}},"53":{"start":{"line":54,"column":0},"end":{"line":54,"column":14}},"54":{"start":{"line":55,"column":0},"end":{"line":55,"column":9}},"55":{"start":{"line":56,"column":0},"end":{"line":56,"column":4}},"56":{"start":{"line":57,"column":0},"end":{"line":57,"column":1}}},"s":{"18":1,"20":1,"21":1,"22":1,"23":6,"24":6,"25":6,"26":1,"27":1,"28":1,"30":2,"31":2,"32":2,"33":2,"35":2,"36":2,"37":2,"38":1,"39":0,"40":0,"41":1,"44":1,"45":1,"46":2,"48":1,"49":1,"50":2,"51":2,"52":2,"53":2,"54":2,"55":2,"56":2},"branchMap":{"0":{"type":"branch","line":21,"loc":{"start":{"line":21,"column":23},"end":{"line":29,"column":1}},"locations":[{"start":{"line":21,"column":23},"end":{"line":29,"column":1}}]},"1":{"type":"branch","line":23,"loc":{"start":{"line":23,"column":15},"end":{"line":27,"column":3}},"locations":[{"start":{"line":23,"column":15},"end":{"line":27,"column":3}}]},"2":{"type":"branch","line":31,"loc":{"start":{"line":31,"column":0},"end":{"line":57,"column":1}},"locations":[{"start":{"line":31,"column":0},"end":{"line":57,"column":1}}]},"3":{"type":"branch","line":38,"loc":{"start":{"line":38,"column":2},"end":{"line":47,"column":13}},"locations":[{"start":{"line":38,"column":2},"end":{"line":47,"column":13}}]},"4":{"type":"branch","line":39,"loc":{"start":{"line":39,"column":15},"end":{"line":41,"column":3}},"locations":[{"start":{"line":39,"column":15},"end":{"line":41,"column":3}}]},"5":{"type":"branch","line":47,"loc":{"start":{"line":47,"column":21},"end":{"line":51,"column":3}},"locations":[{"start":{"line":47,"column":21},"end":{"line":51,"column":3}}]}},"b":{"0":[1],"1":[6],"2":[2],"3":[1],"4":[0],"5":[1]},"fnMap":{"0":{"name":"createRepoItem","decl":{"start":{"line":21,"column":23},"end":{"line":29,"column":1}},"loc":{"start":{"line":21,"column":23},"end":{"line":29,"column":1}},"line":21},"1":{"name":"fetchPopularRepos","decl":{"start":{"line":31,"column":0},"end":{"line":57,"column":1}},"loc":{"start":{"line":31,"column":0},"end":{"line":57,"column":1}},"line":31}},"f":{"0":1,"1":2}}
,"/Users/jamesmanuel/Sites/react-list/src/feature/popularRepos/components/FavouriteStar.tsx": {"path":"/Users/jamesmanuel/Sites/react-list/src/feature/popularRepos/components/FavouriteStar.tsx","all":false,"statementMap":{"0":{"start":{"line":1,"column":0},"end":{"line":1,"column":29}},"6":{"start":{"line":7,"column":0},"end":{"line":7,"column":72}},"7":{"start":{"line":8,"column":0},"end":{"line":8,"column":10}},"8":{"start":{"line":9,"column":0},"end":{"line":9,"column":37}},"10":{"start":{"line":11,"column":0},"end":{"line":11,"column":3}},"12":{"start":{"line":13,"column":0},"end":{"line":13,"column":30}}},"s":{"0":1,"6":1,"7":4,"8":4,"10":4,"12":1},"branchMap":{"0":{"type":"branch","line":7,"loc":{"start":{"line":7,"column":28},"end":{"line":11,"column":3}},"locations":[{"start":{"line":7,"column":28},"end":{"line":11,"column":3}}]},"1":{"type":"branch","line":9,"loc":{"start":{"line":9,"column":11},"end":{"line":9,"column":26}},"locations":[{"start":{"line":9,"column":11},"end":{"line":9,"column":26}}]},"2":{"type":"branch","line":9,"loc":{"start":{"line":9,"column":20},"end":{"line":9,"column":30}},"locations":[{"start":{"line":9,"column":20},"end":{"line":9,"column":30}}]}},"b":{"0":[4],"1":[3],"2":[1]},"fnMap":{"0":{"name":"FavouritesStar2","decl":{"start":{"line":7,"column":28},"end":{"line":11,"column":3}},"loc":{"start":{"line":7,"column":28},"end":{"line":11,"column":3}},"line":7}},"f":{"0":4}}
,"/Users/jamesmanuel/Sites/react-list/src/feature/popularRepos/components/FavouritesFilter.tsx": {"path":"/Users/jamesmanuel/Sites/react-list/src/feature/popularRepos/components/FavouritesFilter.tsx","all":false,"statementMap":{"0":{"start":{"line":1,"column":0},"end":{"line":1,"column":42}},"7":{"start":{"line":8,"column":0},"end":{"line":8,"column":86}},"8":{"start":{"line":9,"column":0},"end":{"line":9,"column":43}},"9":{"start":{"line":10,"column":0},"end":{"line":10,"column":20}},"10":{"start":{"line":11,"column":0},"end":{"line":11,"column":17}},"12":{"start":{"line":13,"column":0},"end":{"line":13,"column":50}},"13":{"start":{"line":14,"column":0},"end":{"line":14,"column":19}},"14":{"start":{"line":15,"column":0},"end":{"line":15,"column":17}},"16":{"start":{"line":17,"column":0},"end":{"line":17,"column":10}},"17":{"start":{"line":18,"column":0},"end":{"line":18,"column":34}},"18":{"start":{"line":19,"column":0},"end":{"line":19,"column":13}},"19":{"start":{"line":20,"column":0},"end":{"line":20,"column":21}},"20":{"start":{"line":21,"column":0},"end":{"line":21,"column":31}},"21":{"start":{"line":22,"column":0},"end":{"line":22,"column":30}},"22":{"start":{"line":23,"column":0},"end":{"line":23,"column":29}},"23":{"start":{"line":24,"column":0},"end":{"line":24,"column":62}},"24":{"start":{"line":25,"column":0},"end":{"line":25,"column":19}},"25":{"start":{"line":26,"column":0},"end":{"line":26,"column":13}},"26":{"start":{"line":27,"column":0},"end":{"line":27,"column":21}},"27":{"start":{"line":28,"column":0},"end":{"line":28,"column":38}},"28":{"start":{"line":29,"column":0},"end":{"line":29,"column":29}},"29":{"start":{"line":30,"column":0},"end":{"line":30,"column":36}},"30":{"start":{"line":31,"column":0},"end":{"line":31,"column":61}},"31":{"start":{"line":32,"column":0},"end":{"line":32,"column":26}},"32":{"start":{"line":33,"column":0},"end":{"line":33,"column":10}},"34":{"start":{"line":35,"column":0},"end":{"line":35,"column":3}},"36":{"start":{"line":37,"column":0},"end":{"line":37,"column":32}}},"s":{"0":1,"7":1,"8":4,"9":0,"10":4,"12":4,"13":0,"14":4,"16":4,"17":4,"18":4,"19":4,"20":4,"21":4,"22":4,"23":4,"24":4,"25":4,"26":4,"27":4,"28":4,"29":4,"30":4,"31":4,"32":4,"34":4,"36":1},"branchMap":{"0":{"type":"branch","line":8,"loc":{"start":{"line":8,"column":30},"end":{"line":35,"column":3}},"locations":[{"start":{"line":8,"column":30},"end":{"line":35,"column":3}}]},"1":{"type":"branch","line":24,"loc":{"start":{"line":24,"column":37},"end":{"line":24,"column":57}},"locations":[{"start":{"line":24,"column":37},"end":{"line":24,"column":57}}]},"2":{"type":"branch","line":24,"loc":{"start":{"line":24,"column":46},"end":{"line":24,"column":59}},"locations":[{"start":{"line":24,"column":46},"end":{"line":24,"column":59}}]},"3":{"type":"branch","line":31,"loc":{"start":{"line":31,"column":36},"end":{"line":31,"column":56}},"locations":[{"start":{"line":31,"column":36},"end":{"line":31,"column":56}}]},"4":{"type":"branch","line":31,"loc":{"start":{"line":31,"column":45},"end":{"line":31,"column":58}},"locations":[{"start":{"line":31,"column":45},"end":{"line":31,"column":58}}]}},"b":{"0":[4],"1":[2],"2":[2],"3":[2],"4":[2]},"fnMap":{"0":{"name":"FavouritesFilter2","decl":{"start":{"line":8,"column":30},"end":{"line":35,"column":3}},"loc":{"start":{"line":8,"column":30},"end":{"line":35,"column":3}},"line":8}},"f":{"0":4}}
,"/Users/jamesmanuel/Sites/react-list/src/feature/popularRepos/components/LanguageFilter.tsx": {"path":"/Users/jamesmanuel/Sites/react-list/src/feature/popularRepos/components/LanguageFilter.tsx","all":false,"statementMap":{"0":{"start":{"line":1,"column":0},"end":{"line":1,"column":49}},"11":{"start":{"line":12,"column":0},"end":{"line":12,"column":53}},"12":{"start":{"line":13,"column":0},"end":{"line":13,"column":14}},"13":{"start":{"line":14,"column":0},"end":{"line":14,"column":21}},"14":{"start":{"line":15,"column":0},"end":{"line":15,"column":24}},"15":{"start":{"line":16,"column":0},"end":{"line":16,"column":14}},"16":{"start":{"line":17,"column":0},"end":{"line":17,"column":10}},"17":{"start":{"line":18,"column":0},"end":{"line":18,"column":33}},"18":{"start":{"line":19,"column":0},"end":{"line":19,"column":25}},"19":{"start":{"line":20,"column":0},"end":{"line":20,"column":83}},"20":{"start":{"line":21,"column":0},"end":{"line":21,"column":52}},"21":{"start":{"line":22,"column":0},"end":{"line":22,"column":30}},"22":{"start":{"line":23,"column":0},"end":{"line":23,"column":12}},"23":{"start":{"line":24,"column":0},"end":{"line":24,"column":49}},"24":{"start":{"line":25,"column":0},"end":{"line":25,"column":23}},"25":{"start":{"line":26,"column":0},"end":{"line":26,"column":83}},"26":{"start":{"line":27,"column":0},"end":{"line":27,"column":28}},"27":{"start":{"line":28,"column":0},"end":{"line":28,"column":24}},"29":{"start":{"line":30,"column":0},"end":{"line":30,"column":19}},"30":{"start":{"line":31,"column":0},"end":{"line":31,"column":43}},"31":{"start":{"line":32,"column":0},"end":{"line":32,"column":34}},"32":{"start":{"line":33,"column":0},"end":{"line":33,"column":46}},"33":{"start":{"line":34,"column":0},"end":{"line":34,"column":39}},"35":{"start":{"line":36,"column":0},"end":{"line":36,"column":55}},"36":{"start":{"line":37,"column":0},"end":{"line":37,"column":40}},"37":{"start":{"line":38,"column":0},"end":{"line":38,"column":67}},"38":{"start":{"line":39,"column":0},"end":{"line":39,"column":19}},"39":{"start":{"line":40,"column":0},"end":{"line":40,"column":21}},"40":{"start":{"line":41,"column":0},"end":{"line":41,"column":14}},"42":{"start":{"line":43,"column":0},"end":{"line":43,"column":3}},"44":{"start":{"line":45,"column":0},"end":{"line":45,"column":30}}},"s":{"0":1,"11":1,"12":3,"13":3,"14":3,"15":3,"16":3,"17":3,"18":3,"19":3,"20":0,"21":3,"22":3,"23":3,"24":3,"25":3,"26":3,"27":3,"29":3,"30":3,"31":3,"32":3,"33":3,"35":3,"36":3,"37":8,"38":3,"39":3,"40":3,"42":3,"44":1},"branchMap":{"0":{"type":"branch","line":12,"loc":{"start":{"line":12,"column":28},"end":{"line":43,"column":3}},"locations":[{"start":{"line":12,"column":28},"end":{"line":43,"column":3}}]},"1":{"type":"branch","line":33,"loc":{"start":{"line":33,"column":23},"end":{"line":33,"column":46}},"locations":[{"start":{"line":33,"column":23},"end":{"line":33,"column":46}}]},"2":{"type":"branch","line":37,"loc":{"start":{"line":37,"column":31},"end":{"line":38,"column":67}},"locations":[{"start":{"line":37,"column":31},"end":{"line":38,"column":67}}]}},"b":{"0":[3],"1":[1],"2":[8]},"fnMap":{"0":{"name":"LanguageFilter2","decl":{"start":{"line":12,"column":28},"end":{"line":43,"column":3}},"loc":{"start":{"line":12,"column":28},"end":{"line":43,"column":3}},"line":12}},"f":{"0":3}}
,"/Users/jamesmanuel/Sites/react-list/src/feature/popularRepos/components/RepoContainer.tsx": {"path":"/Users/jamesmanuel/Sites/react-list/src/feature/popularRepos/components/RepoContainer.tsx","all":false,"statementMap":{"0":{"start":{"line":1,"column":0},"end":{"line":1,"column":34}},"1":{"start":{"line":2,"column":0},"end":{"line":2,"column":53}},"2":{"start":{"line":3,"column":0},"end":{"line":3,"column":49}},"3":{"start":{"line":4,"column":0},"end":{"line":4,"column":55}},"4":{"start":{"line":5,"column":0},"end":{"line":5,"column":42}},"6":{"start":{"line":7,"column":0},"end":{"line":7,"column":87}},"7":{"start":{"line":8,"column":0},"end":{"line":8,"column":20}},"8":{"start":{"line":9,"column":0},"end":{"line":9,"column":38}},"9":{"start":{"line":10,"column":0},"end":{"line":10,"column":55}},"10":{"start":{"line":11,"column":0},"end":{"line":11,"column":8}},"13":{"start":{"line":14,"column":0},"end":{"line":14,"column":41}},"14":{"start":{"line":15,"column":0},"end":{"line":15,"column":73}},"15":{"start":{"line":16,"column":0},"end":{"line":16,"column":43}},"17":{"start":{"line":18,"column":0},"end":{"line":18,"column":19}},"18":{"start":{"line":19,"column":0},"end":{"line":19,"column":30}},"19":{"start":{"line":20,"column":0},"end":{"line":20,"column":9}},"21":{"start":{"line":22,"column":0},"end":{"line":22,"column":10}},"22":{"start":{"line":23,"column":0},"end":{"line":23,"column":10}},"23":{"start":{"line":24,"column":0},"end":{"line":24,"column":27}},"24":{"start":{"line":25,"column":0},"end":{"line":25,"column":27}},"26":{"start":{"line":27,"column":0},"end":{"line":27,"column":23}},"27":{"start":{"line":28,"column":0},"end":{"line":28,"column":43}},"28":{"start":{"line":29,"column":0},"end":{"line":29,"column":31}},"30":{"start":{"line":31,"column":0},"end":{"line":31,"column":22}},"31":{"start":{"line":32,"column":0},"end":{"line":32,"column":14}},"32":{"start":{"line":33,"column":0},"end":{"line":33,"column":78}},"33":{"start":{"line":34,"column":0},"end":{"line":34,"column":62}},"34":{"start":{"line":35,"column":0},"end":{"line":35,"column":15}},"35":{"start":{"line":36,"column":0},"end":{"line":36,"column":27}},"36":{"start":{"line":37,"column":0},"end":{"line":37,"column":82}},"38":{"start":{"line":39,"column":0},"end":{"line":39,"column":82}},"40":{"start":{"line":41,"column":0},"end":{"line":41,"column":24}},"41":{"start":{"line":42,"column":0},"end":{"line":42,"column":12}},"42":{"start":{"line":43,"column":0},"end":{"line":43,"column":11}},"44":{"start":{"line":45,"column":0},"end":{"line":45,"column":1}}},"s":{"0":1,"1":1,"2":1,"3":1,"4":1,"6":1,"7":0,"8":0,"9":0,"10":0,"13":3,"14":3,"15":3,"17":3,"18":3,"19":3,"21":3,"22":3,"23":3,"24":3,"26":3,"27":3,"28":3,"30":3,"31":0,"32":0,"33":0,"34":0,"35":3,"36":3,"38":0,"40":3,"41":3,"42":3,"44":3},"branchMap":{"0":{"type":"branch","line":14,"loc":{"start":{"line":14,"column":0},"end":{"line":45,"column":1}},"locations":[{"start":{"line":14,"column":0},"end":{"line":45,"column":1}}]},"1":{"type":"branch","line":31,"loc":{"start":{"line":31,"column":11},"end":{"line":35,"column":15}},"locations":[{"start":{"line":31,"column":11},"end":{"line":35,"column":15}}]},"2":{"type":"branch","line":37,"loc":{"start":{"line":37,"column":76},"end":{"line":39,"column":82}},"locations":[{"start":{"line":37,"column":76},"end":{"line":39,"column":82}}]},"3":{"type":"branch","line":18,"loc":{"start":{"line":18,"column":12},"end":{"line":20,"column":5}},"locations":[{"start":{"line":18,"column":12},"end":{"line":20,"column":5}}]}},"b":{"0":[3],"1":[0],"2":[0],"3":[3]},"fnMap":{"0":{"name":"ErrorFallback","decl":{"start":{"line":7,"column":22},"end":{"line":11,"column":8}},"loc":{"start":{"line":7,"column":22},"end":{"line":11,"column":8}},"line":7},"1":{"name":"RepoContainer","decl":{"start":{"line":14,"column":0},"end":{"line":45,"column":1}},"loc":{"start":{"line":14,"column":0},"end":{"line":45,"column":1}},"line":14},"2":{"name":"onClick","decl":{"start":{"line":34,"column":31},"end":{"line":34,"column":48}},"loc":{"start":{"line":34,"column":31},"end":{"line":34,"column":48}},"line":34}},"f":{"0":0,"1":3,"2":0}}
,"/Users/jamesmanuel/Sites/react-list/src/feature/popularRepos/components/RepoExplorer.tsx": {"path":"/Users/jamesmanuel/Sites/react-list/src/feature/popularRepos/components/RepoExplorer.tsx","all":false,"statementMap":{"0":{"start":{"line":1,"column":0},"end":{"line":1,"column":29}},"1":{"start":{"line":2,"column":0},"end":{"line":2,"column":59}},"2":{"start":{"line":3,"column":0},"end":{"line":3,"column":34}},"3":{"start":{"line":4,"column":0},"end":{"line":4,"column":50}},"4":{"start":{"line":5,"column":0},"end":{"line":5,"column":46}},"7":{"start":{"line":8,"column":0},"end":{"line":8,"column":93}},"8":{"start":{"line":9,"column":0},"end":{"line":9,"column":9}},"9":{"start":{"line":10,"column":0},"end":{"line":10,"column":17}},"10":{"start":{"line":11,"column":0},"end":{"line":11,"column":20}},"11":{"start":{"line":12,"column":0},"end":{"line":12,"column":23}},"12":{"start":{"line":13,"column":0},"end":{"line":13,"column":26}},"13":{"start":{"line":14,"column":0},"end":{"line":14,"column":21}},"14":{"start":{"line":15,"column":0},"end":{"line":15,"column":23}},"15":{"start":{"line":16,"column":0},"end":{"line":16,"column":29}},"17":{"start":{"line":18,"column":0},"end":{"line":18,"column":10}},"18":{"start":{"line":19,"column":0},"end":{"line":19,"column":31}},"19":{"start":{"line":20,"column":0},"end":{"line":20,"column":57}},"20":{"start":{"line":21,"column":0},"end":{"line":21,"column":23}},"21":{"start":{"line":22,"column":0},"end":{"line":22,"column":31}},"22":{"start":{"line":23,"column":0},"end":{"line":23,"column":45}},"23":{"start":{"line":24,"column":0},"end":{"line":24,"column":51}},"24":{"start":{"line":25,"column":0},"end":{"line":25,"column":10}},"25":{"start":{"line":26,"column":0},"end":{"line":26,"column":25}},"26":{"start":{"line":27,"column":0},"end":{"line":27,"column":37}},"27":{"start":{"line":28,"column":0},"end":{"line":28,"column":42}},"28":{"start":{"line":29,"column":0},"end":{"line":29,"column":10}},"29":{"start":{"line":30,"column":0},"end":{"line":30,"column":12}},"30":{"start":{"line":31,"column":0},"end":{"line":31,"column":73}},"31":{"start":{"line":32,"column":0},"end":{"line":32,"column":10}},"33":{"start":{"line":34,"column":0},"end":{"line":34,"column":3}},"35":{"start":{"line":36,"column":0},"end":{"line":36,"column":28}}},"s":{"0":1,"1":1,"2":1,"3":1,"4":1,"7":1,"8":1,"9":1,"10":1,"11":1,"12":1,"13":1,"14":1,"15":1,"17":1,"18":1,"19":1,"20":1,"21":1,"22":1,"23":1,"24":1,"25":1,"26":1,"27":1,"28":1,"29":1,"30":1,"31":1,"33":1,"35":1},"branchMap":{"0":{"type":"branch","line":8,"loc":{"start":{"line":8,"column":26},"end":{"line":34,"column":3}},"locations":[{"start":{"line":8,"column":26},"end":{"line":34,"column":3}}]}},"b":{"0":[1]},"fnMap":{"0":{"name":"RepoExplorer2","decl":{"start":{"line":8,"column":26},"end":{"line":34,"column":3}},"loc":{"start":{"line":8,"column":26},"end":{"line":34,"column":3}},"line":8}},"f":{"0":1}}
,"/Users/jamesmanuel/Sites/react-list/src/feature/popularRepos/components/RepoList.tsx": {"path":"/Users/jamesmanuel/Sites/react-list/src/feature/popularRepos/components/RepoList.tsx","all":false,"statementMap":{"0":{"start":{"line":1,"column":0},"end":{"line":1,"column":29}},"1":{"start":{"line":2,"column":0},"end":{"line":2,"column":42}},"9":{"start":{"line":10,"column":0},"end":{"line":10,"column":41}},"10":{"start":{"line":11,"column":0},"end":{"line":11,"column":8}},"11":{"start":{"line":12,"column":0},"end":{"line":12,"column":18}},"12":{"start":{"line":13,"column":0},"end":{"line":13,"column":11}},"13":{"start":{"line":14,"column":0},"end":{"line":14,"column":10}},"14":{"start":{"line":15,"column":0},"end":{"line":15,"column":8}},"15":{"start":{"line":16,"column":0},"end":{"line":16,"column":28}},"16":{"start":{"line":17,"column":0},"end":{"line":17,"column":21}},"17":{"start":{"line":18,"column":0},"end":{"line":18,"column":23}},"18":{"start":{"line":19,"column":0},"end":{"line":19,"column":29}},"19":{"start":{"line":20,"column":0},"end":{"line":20,"column":40}},"20":{"start":{"line":21,"column":0},"end":{"line":21,"column":45}},"21":{"start":{"line":22,"column":0},"end":{"line":22,"column":10}},"22":{"start":{"line":23,"column":0},"end":{"line":23,"column":9}},"23":{"start":{"line":24,"column":0},"end":{"line":24,"column":9}},"25":{"start":{"line":26,"column":0},"end":{"line":26,"column":3}},"27":{"start":{"line":28,"column":0},"end":{"line":28,"column":24}}},"s":{"0":1,"1":1,"9":1,"10":8,"11":8,"12":8,"13":8,"14":8,"15":8,"16":12,"17":12,"18":12,"19":12,"20":12,"21":12,"22":8,"23":8,"25":8,"27":1},"branchMap":{"0":{"type":"branch","line":10,"loc":{"start":{"line":10,"column":22},"end":{"line":26,"column":3}},"locations":[{"start":{"line":10,"column":22},"end":{"line":26,"column":3}}]},"1":{"type":"branch","line":16,"loc":{"start":{"line":16,"column":17},"end":{"line":22,"column":10}},"locations":[{"start":{"line":16,"column":17},"end":{"line":22,"column":10}}]}},"b":{"0":[8],"1":[12]},"fnMap":{"0":{"name":"RepoList2","decl":{"start":{"line":10,"column":22},"end":{"line":26,"column":3}},"loc":{"start":{"line":10,"column":22},"end":{"line":26,"column":3}},"line":10}},"f":{"0":8}}
,"/Users/jamesmanuel/Sites/react-list/src/feature/popularRepos/components/RepoListItem.tsx": {"path":"/Users/jamesmanuel/Sites/react-list/src/feature/popularRepos/components/RepoListItem.tsx","all":false,"statementMap":{"0":{"start":{"line":1,"column":0},"end":{"line":1,"column":42}},"2":{"start":{"line":3,"column":0},"end":{"line":3,"column":45}},"10":{"start":{"line":11,"column":0},"end":{"line":11,"column":110}},"11":{"start":{"line":12,"column":0},"end":{"line":12,"column":53}},"12":{"start":{"line":13,"column":0},"end":{"line":13,"column":35}},"13":{"start":{"line":14,"column":0},"end":{"line":14,"column":37}},"14":{"start":{"line":15,"column":0},"end":{"line":15,"column":12}},"15":{"start":{"line":16,"column":0},"end":{"line":16,"column":39}},"16":{"start":{"line":17,"column":0},"end":{"line":17,"column":57}},"17":{"start":{"line":18,"column":0},"end":{"line":18,"column":23}},"18":{"start":{"line":19,"column":0},"end":{"line":19,"column":84}},"19":{"start":{"line":20,"column":0},"end":{"line":20,"column":51}},"20":{"start":{"line":21,"column":0},"end":{"line":21,"column":83}},"22":{"start":{"line":23,"column":0},"end":{"line":23,"column":59}},"23":{"start":{"line":24,"column":0},"end":{"line":24,"column":25}},"24":{"start":{"line":25,"column":0},"end":{"line":25,"column":55}},"25":{"start":{"line":26,"column":0},"end":{"line":26,"column":86}},"26":{"start":{"line":27,"column":0},"end":{"line":27,"column":35}},"27":{"start":{"line":28,"column":0},"end":{"line":28,"column":24}},"28":{"start":{"line":29,"column":0},"end":{"line":29,"column":21}},"30":{"start":{"line":31,"column":0},"end":{"line":31,"column":41}},"31":{"start":{"line":32,"column":0},"end":{"line":32,"column":100}},"32":{"start":{"line":33,"column":0},"end":{"line":33,"column":72}},"33":{"start":{"line":34,"column":0},"end":{"line":34,"column":22}},"34":{"start":{"line":35,"column":0},"end":{"line":35,"column":13}},"36":{"start":{"line":37,"column":0},"end":{"line":37,"column":3}},"38":{"start":{"line":39,"column":0},"end":{"line":39,"column":28}}},"s":{"0":1,"2":1,"10":1,"11":4,"12":1,"13":4,"14":4,"15":4,"16":4,"17":4,"18":4,"19":4,"20":4,"22":4,"23":4,"24":4,"25":4,"26":4,"27":4,"28":4,"30":4,"31":4,"32":4,"33":4,"34":4,"36":4,"38":1},"branchMap":{"0":{"type":"branch","line":11,"loc":{"start":{"line":11,"column":26},"end":{"line":37,"column":3}},"locations":[{"start":{"line":11,"column":26},"end":{"line":37,"column":3}}]},"1":{"type":"branch","line":19,"loc":{"start":{"line":19,"column":51},"end":{"line":19,"column":79}},"locations":[{"start":{"line":19,"column":51},"end":{"line":19,"column":79}}]},"2":{"type":"branch","line":19,"loc":{"start":{"line":19,"column":65},"end":{"line":19,"column":81}},"locations":[{"start":{"line":19,"column":65},"end":{"line":19,"column":81}}]},"3":{"type":"branch","line":21,"loc":{"start":{"line":21,"column":32},"end":{"line":21,"column":66}},"locations":[{"start":{"line":21,"column":32},"end":{"line":21,"column":66}}]},"4":{"type":"branch","line":21,"loc":{"start":{"line":21,"column":46},"end":{"line":21,"column":83}},"locations":[{"start":{"line":21,"column":46},"end":{"line":21,"column":83}}]},"5":{"type":"branch","line":12,"loc":{"start":{"line":12,"column":46},"end":{"line":14,"column":7}},"locations":[{"start":{"line":12,"column":46},"end":{"line":14,"column":7}}]}},"b":{"0":[4],"1":[3],"2":[1],"3":[3],"4":[1],"5":[1]},"fnMap":{"0":{"name":"RepoListItem2","decl":{"start":{"line":11,"column":26},"end":{"line":37,"column":3}},"loc":{"start":{"line":11,"column":26},"end":{"line":37,"column":3}},"line":11}},"f":{"0":4}}
,"/Users/jamesmanuel/Sites/react-list/src/feature/popularRepos/hooks/usePopularRepos.ts": {"path":"/Users/jamesmanuel/Sites/react-list/src/feature/popularRepos/hooks/usePopularRepos.ts","all":false,"statementMap":{"0":{"start":{"line":1,"column":0},"end":{"line":1,"column":49}},"1":{"start":{"line":2,"column":0},"end":{"line":2,"column":61}},"3":{"start":{"line":4,"column":0},"end":{"line":4,"column":43}},"4":{"start":{"line":5,"column":0},"end":{"line":5,"column":19}},"5":{"start":{"line":6,"column":0},"end":{"line":6,"column":32}},"6":{"start":{"line":7,"column":0},"end":{"line":7,"column":30}},"7":{"start":{"line":8,"column":0},"end":{"line":8,"column":5}},"8":{"start":{"line":9,"column":0},"end":{"line":9,"column":1}}},"s":{"0":1,"1":1,"3":3,"4":3,"5":3,"6":3,"7":3,"8":3},"branchMap":{"0":{"type":"branch","line":4,"loc":{"start":{"line":4,"column":0},"end":{"line":9,"column":1}},"locations":[{"start":{"line":4,"column":0},"end":{"line":9,"column":1}}]}},"b":{"0":[3]},"fnMap":{"0":{"name":"usePopularRepos","decl":{"start":{"line":4,"column":0},"end":{"line":9,"column":1}},"loc":{"start":{"line":4,"column":0},"end":{"line":9,"column":1}},"line":4}},"f":{"0":3}}
,"/Users/jamesmanuel/Sites/react-list/src/feature/popularRepos/hooks/useRepoExplorer.ts": {"path":"/Users/jamesmanuel/Sites/react-list/src/feature/popularRepos/hooks/useRepoExplorer.ts","all":false,"statementMap":{"0":{"start":{"line":1,"column":0},"end":{"line":1,"column":55}},"1":{"start":{"line":2,"column":0},"end":{"line":2,"column":64}},"10":{"start":{"line":11,"column":0},"end":{"line":11,"column":48}},"11":{"start":{"line":12,"column":0},"end":{"line":12,"column":82}},"12":{"start":{"line":13,"column":0},"end":{"line":13,"column":70}},"13":{"start":{"line":14,"column":0},"end":{"line":14,"column":80}},"15":{"start":{"line":16,"column":0},"end":{"line":16,"column":55}},"16":{"start":{"line":17,"column":0},"end":{"line":17,"column":35}},"17":{"start":{"line":18,"column":0},"end":{"line":18,"column":33}},"18":{"start":{"line":19,"column":0},"end":{"line":19,"column":54}},"19":{"start":{"line":20,"column":0},"end":{"line":20,"column":33}},"20":{"start":{"line":21,"column":0},"end":{"line":21,"column":6}},"21":{"start":{"line":22,"column":0},"end":{"line":22,"column":22}},"23":{"start":{"line":24,"column":0},"end":{"line":24,"column":53}},"24":{"start":{"line":25,"column":0},"end":{"line":25,"column":9}},"25":{"start":{"line":26,"column":0},"end":{"line":26,"column":23}},"26":{"start":{"line":27,"column":0},"end":{"line":27,"column":64}},"27":{"start":{"line":28,"column":0},"end":{"line":28,"column":65}},"28":{"start":{"line":29,"column":0},"end":{"line":29,"column":8}},"29":{"start":{"line":30,"column":0},"end":{"line":30,"column":21}},"30":{"start":{"line":31,"column":0},"end":{"line":31,"column":20}},"31":{"start":{"line":32,"column":0},"end":{"line":32,"column":22}},"32":{"start":{"line":33,"column":0},"end":{"line":33,"column":49}},"33":{"start":{"line":34,"column":0},"end":{"line":34,"column":9}},"34":{"start":{"line":35,"column":0},"end":{"line":35,"column":64}},"36":{"start":{"line":37,"column":0},"end":{"line":37,"column":10}},"37":{"start":{"line":38,"column":0},"end":{"line":38,"column":17}},"38":{"start":{"line":39,"column":0},"end":{"line":39,"column":15}},"39":{"start":{"line":40,"column":0},"end":{"line":40,"column":20}},"40":{"start":{"line":41,"column":0},"end":{"line":41,"column":23}},"41":{"start":{"line":42,"column":0},"end":{"line":42,"column":26}},"42":{"start":{"line":43,"column":0},"end":{"line":43,"column":21}},"43":{"start":{"line":44,"column":0},"end":{"line":44,"column":24}},"44":{"start":{"line":45,"column":0},"end":{"line":45,"column":4}},"45":{"start":{"line":46,"column":0},"end":{"line":46,"column":1}}},"s":{"0":1,"1":1,"10":1,"11":1,"12":1,"13":1,"15":1,"16":0,"17":0,"18":0,"19":0,"20":0,"21":1,"23":1,"24":1,"25":1,"26":0,"27":0,"28":1,"29":1,"30":0,"31":0,"32":0,"33":1,"34":1,"36":1,"37":1,"38":1,"39":1,"40":1,"41":1,"42":1,"43":1,"44":1,"45":1},"branchMap":{"0":{"type":"branch","line":11,"loc":{"start":{"line":11,"column":7},"end":{"line":46,"column":1}},"locations":[{"start":{"line":11,"column":7},"end":{"line":46,"column":1}}]},"1":{"type":"branch","line":24,"loc":{"start":{"line":24,"column":46},"end":{"line":34,"column":9}},"locations":[{"start":{"line":24,"column":46},"end":{"line":34,"column":9}}]}},"b":{"0":[1],"1":[1]},"fnMap":{"0":{"name":"useRepoExplorer","decl":{"start":{"line":11,"column":7},"end":{"line":46,"column":1}},"loc":{"start":{"line":11,"column":7},"end":{"line":46,"column":1}},"line":11}},"f":{"0":1}}
,"/Users/jamesmanuel/Sites/react-list/src/utils/appRefresh.ts": {"path":"/Users/jamesmanuel/Sites/react-list/src/utils/appRefresh.ts","all":false,"statementMap":{"0":{"start":{"line":1,"column":0},"end":{"line":1,"column":33}},"1":{"start":{"line":2,"column":0},"end":{"line":2,"column":27}},"2":{"start":{"line":3,"column":0},"end":{"line":3,"column":2}},"4":{"start":{"line":5,"column":0},"end":{"line":5,"column":34}},"6":{"start":{"line":7,"column":0},"end":{"line":7,"column":15}},"7":{"start":{"line":8,"column":0},"end":{"line":8,"column":2}}},"s":{"0":1,"1":2,"2":2,"4":1,"6":1,"7":1},"branchMap":{"0":{"type":"branch","line":1,"loc":{"start":{"line":1,"column":26},"end":{"line":3,"column":2}},"locations":[{"start":{"line":1,"column":26},"end":{"line":3,"column":2}}]},"1":{"type":"branch","line":5,"loc":{"start":{"line":5,"column":27},"end":{"line":8,"column":2}},"locations":[{"start":{"line":5,"column":27},"end":{"line":8,"column":2}}]}},"b":{"0":[2],"1":[1]},"fnMap":{"0":{"name":"refreshApp","decl":{"start":{"line":1,"column":26},"end":{"line":3,"column":2}},"loc":{"start":{"line":1,"column":26},"end":{"line":3,"column":2}},"line":1},"1":{"name":"refreshData","decl":{"start":{"line":5,"column":27},"end":{"line":8,"column":2}},"loc":{"start":{"line":5,"column":27},"end":{"line":8,"column":2}},"line":5}},"f":{"0":2,"1":1}}
}
